<?xml version="1.0" encoding="utf-8"?><testsuites><testsuite name="pytest" errors="0" failures="0" skipped="0" tests="111" time="154.393" timestamp="2026-05-14T22:53:12.472813+03:00" hostname="HOME"><testcase classname="tests.integration.test_admin_capabilities" name="test_admin_can_list_doctors_without_trailing_slash" time="5.359" /><testcase classname="tests.integration.test_admin_capabilities" name="test_admin_can_view_medical_card" time="11.153" /><testcase classname="tests.integration.test_admin_capabilities" name="test_admin_can_add_allergy" time="10.738" /><testcase classname="tests.integration.test_admin_capabilities" name="test_admin_can_delete_encounter" time="10.555" /><testcase classname="tests.integration.test_admin_capabilities" name="test_admin_can_create_prescription" time="9.168" /><testcase classname="tests.integration.test_admin_capabilities" name="test_super_admin_can_view_medical_card" time="8.286" /><testcase classname="tests.integration.test_auth_api.TestRegisterEndpoint" name="test_register_returns_201" time="0.441" /><testcase classname="tests.integration.test_auth_api.TestRegisterEndpoint" name="test_register_returns_user_id" time="0.448" /><testcase classname="tests.integration.test_auth_api.TestRegisterEndpoint" name="test_register_duplicate_email_returns_400" time="0.523" /><testcase classname="tests.integration.test_auth_api.TestRegisterEndpoint" name="test_register_weak_password_returns_422" time="0.086" /><testcase classname="tests.integration.test_auth_api.TestRegisterEndpoint" name="test_register_no_digit_password_returns_422" time="0.089" /><testcase classname="tests.integration.test_auth_api.TestRegisterEndpoint" name="test_register_doctor_role" time="0.452" /><testcase classname="tests.integration.test_auth_api.TestLoginEndpoint" name="test_login_returns_email_and_2fa_flag" time="6.055" /><testcase classname="tests.integration.test_auth_api.TestLoginEndpoint" name="test_login_wrong_password_returns_401" time="0.708" /><testcase classname="tests.integration.test_auth_api.TestLoginEndpoint" name="test_login_nonexistent_email_returns_401" time="0.148" /><testcase classname="tests.integration.test_auth_api.TestLoginEndpoint" name="test_login_stores_otp_in_redis" time="4.792" /><testcase classname="tests.integration.test_auth_api.TestTwoFAEndpoint" name="test_2fa_returns_access_and_refresh_tokens" time="0.521" /><testcase classname="tests.integration.test_auth_api.TestTwoFAEndpoint" name="test_2fa_wrong_otp_returns_401" time="0.505" /><testcase classname="tests.integration.test_auth_api.TestTwoFAEndpoint" name="test_2fa_expired_otp_returns_401" time="0.537" /><testcase classname="tests.integration.test_auth_api.TestFull2FAFlow" name="test_complete_login_flow" time="4.143" /><testcase classname="tests.integration.test_auth_api.TestFull2FAFlow" name="test_access_token_allows_get_me" time="3.966" /><testcase classname="tests.integration.test_auth_api.TestGetMe" name="test_get_me_returns_user_profile" time="0.498" /><testcase classname="tests.integration.test_auth_api.TestGetMe" name="test_get_me_without_token_returns_403" time="0.080" /><testcase classname="tests.integration.test_auth_api.TestGetMe" name="test_get_me_with_invalid_token_returns_401" time="0.081" /><testcase classname="tests.integration.test_auth_api.TestRefreshAndLogout" name="test_refresh_returns_new_tokens" time="0.584" /><testcase classname="tests.integration.test_auth_api.TestRefreshAndLogout" name="test_logout_returns_success_message" time="0.563" /><testcase classname="tests.integration.test_auth_api.TestRefreshAndLogout" name="test_refresh_after_logout_returns_401" time="0.605" /><testcase classname="tests.integration.test_auth_api.TestPasswordResetEndpoints" name="test_forgot_password_returns_safe_message" time="3.908" /><testcase classname="tests.integration.test_auth_api.TestPasswordResetEndpoints" name="test_forgot_password_nonexistent_email_same_response" time="0.163" /><testcase classname="tests.integration.test_auth_api.TestPasswordResetEndpoints" name="test_reset_password_with_valid_token" time="4.195" /><testcase classname="tests.integration.test_auth_api.TestPasswordResetEndpoints" name="test_reset_password_invalid_token_returns_400" time="0.084" /><testcase classname="tests.integration.test_patient_cabinet_api.TestGetProfile" name="test_patient_can_get_own_profile" time="0.528" /><testcase classname="tests.integration.test_patient_cabinet_api.TestGetProfile" name="test_doctor_is_forbidden_from_me" time="0.502" /><testcase classname="tests.integration.test_patient_cabinet_api.TestGetProfile" name="test_unauthenticated_returns_401_or_403" time="0.080" /><testcase classname="tests.integration.test_patient_cabinet_api.TestGetProfile" name="test_profile_contains_patient_id_if_linked" time="0.550" /><testcase classname="tests.integration.test_patient_cabinet_api.TestUpdateProfile" name="test_update_first_name" time="0.604" /><testcase classname="tests.integration.test_patient_cabinet_api.TestUpdateProfile" name="test_update_phone" time="0.606" /><testcase classname="tests.integration.test_patient_cabinet_api.TestUpdateProfile" name="test_email_cannot_be_changed" time="0.600" /><testcase classname="tests.integration.test_patient_cabinet_api.TestUpdateProfile" name="test_doctor_cannot_update_me_profile" time="0.500" /><testcase classname="tests.integration.test_patient_cabinet_api.TestGetMedicalCard" name="test_patient_gets_own_medical_card" time="0.572" /><testcase classname="tests.integration.test_patient_cabinet_api.TestGetMedicalCard" name="test_medical_card_empty_on_new_patient" time="0.574" /><testcase classname="tests.integration.test_patient_cabinet_api.TestGetMedicalCard" name="test_doctor_cannot_access_me_medical_card" time="0.532" /><testcase classname="tests.integration.test_patient_cabinet_api.TestGetMedicalCard" name="test_patient_without_profile_gets_404" time="0.511" /><testcase classname="tests.integration.test_patient_cabinet_api.TestGetEncounters" name="test_encounters_empty_for_new_patient" time="0.550" /><testcase classname="tests.integration.test_patient_cabinet_api.TestGetEncounters" name="test_doctor_forbidden_from_encounters" time="0.495" /><testcase classname="tests.integration.test_patient_cabinet_api.TestGetPrescriptions" name="test_prescriptions_empty_for_new_patient" time="0.553" /><testcase classname="tests.integration.test_patient_cabinet_api.TestGetPrescriptions" name="test_prescriptions_with_status_filter" time="0.549" /><testcase classname="tests.integration.test_patient_cabinet_api.TestGetPrescriptions" name="test_doctor_forbidden_from_prescriptions" time="0.505" /><testcase classname="tests.integration.test_patient_cabinet_api.TestGetDocuments" name="test_documents_empty_for_new_patient" time="0.546" /><testcase classname="tests.integration.test_patient_cabinet_api.TestGetReferrals" name="test_referrals_empty_for_new_patient" time="0.555" /><testcase classname="tests.integration.test_patient_cabinet_api.TestGetReferrals" name="test_doctor_cannot_access_me_referrals" time="0.506" /><testcase classname="tests.integration.test_patient_cabinet_api.TestChangePassword" name="test_change_password_success" time="0.981" /><testcase classname="tests.integration.test_patient_cabinet_api.TestChangePassword" name="test_change_password_wrong_current_returns_400" time="0.744" /><testcase classname="tests.integration.test_patient_cabinet_api.TestChangePassword" name="test_doctor_cannot_use_change_password" time="0.506" /><testcase classname="tests.unit.test_admin_service.TestAdminUpdateUser" name="test_update_user_role_to_doctor_creates_doctor_profile" time="0.806" /><testcase classname="tests.unit.test_auth_service.TestRegister" name="test_register_success" time="0.435" /><testcase classname="tests.unit.test_auth_service.TestRegister" name="test_register_creates_audit_log" time="0.435" /><testcase classname="tests.unit.test_auth_service.TestRegister" name="test_register_duplicate_email_raises_400" time="0.431" /><testcase classname="tests.unit.test_auth_service.TestRegister" name="test_register_doctor_role" time="0.474" /><testcase classname="tests.unit.test_auth_service.TestLoginStep1" name="test_login_wrong_password_raises_401" time="0.669" /><testcase classname="tests.unit.test_auth_service.TestLoginStep1" name="test_login_nonexistent_email_raises_401" time="0.175" /><testcase classname="tests.unit.test_auth_service.TestLoginStep1" name="test_login_success_stores_otp_in_redis" time="4.165" /><testcase classname="tests.unit.test_auth_service.TestLoginStep1" name="test_login_locked_account_raises_429" time="0.431" /><testcase classname="tests.unit.test_auth_service.TestLoginStep1" name="test_lockout_after_5_failed_attempts" time="1.481" /><testcase classname="tests.unit.test_auth_service.TestLoginStep1" name="test_failed_attempts_reset_on_success" time="5.268" /><testcase classname="tests.unit.test_auth_service.TestLoginStep2" name="test_verify_correct_otp_returns_tokens" time="0.438" /><testcase classname="tests.unit.test_auth_service.TestLoginStep2" name="test_verify_stores_refresh_token_in_db" time="0.482" /><testcase classname="tests.unit.test_auth_service.TestLoginStep2" name="test_verify_wrong_otp_raises_401" time="0.430" /><testcase classname="tests.unit.test_auth_service.TestLoginStep2" name="test_verify_expired_otp_raises_401" time="0.451" /><testcase classname="tests.unit.test_auth_service.TestLoginStep2" name="test_otp_deleted_from_redis_after_use" time="0.433" /><testcase classname="tests.unit.test_auth_service.TestRefreshTokens" name="test_refresh_returns_new_tokens" time="0.493" /><testcase classname="tests.unit.test_auth_service.TestRefreshTokens" name="test_refresh_revokes_old_token" time="0.539" /><testcase classname="tests.unit.test_auth_service.TestRefreshTokens" name="test_refresh_with_invalid_token_raises_401" time="0.083" /><testcase classname="tests.unit.test_auth_service.TestLogout" name="test_logout_revokes_refresh_token" time="0.535" /><testcase classname="tests.unit.test_auth_service.TestLogout" name="test_logout_with_unknown_token_is_noop" time="0.127" /><testcase classname="tests.unit.test_auth_service.TestPasswordReset" name="test_forgot_password_stores_reset_token" time="3.803" /><testcase classname="tests.unit.test_auth_service.TestPasswordReset" name="test_forgot_password_nonexistent_email_returns_same_message" time="0.153" /><testcase classname="tests.unit.test_auth_service.TestPasswordReset" name="test_reset_password_success" time="5.537" /><testcase classname="tests.unit.test_auth_service.TestPasswordReset" name="test_reset_password_revokes_all_refresh_tokens" time="5.001" /><testcase classname="tests.unit.test_auth_service.TestPasswordReset" name="test_reset_password_invalid_token_raises_400" time="0.080" /><testcase classname="tests.unit.test_encounter_service.TestEncounterLifecycle" name="test_update_and_cancel_encounter" time="0.755" /><testcase classname="tests.unit.test_encounter_service.TestEncounterLifecycle" name="test_delete_encounter_removes_rows" time="0.982" /><testcase classname="tests.unit.test_encounter_service.TestReferralLifecycle" name="test_update_cancel_delete_referral" time="0.932" /><testcase classname="tests.unit.test_encounter_service.TestICD10Search" name="test_search_icd10_returns_all_on_empty_query" time="0.486" /><testcase classname="tests.unit.test_encounter_service.TestICD10Search" name="test_search_icd10_matches_english_name" time="0.470" /><testcase classname="tests.unit.test_patient_service.TestCreatePatient" name="test_create_patient_success" time="0.514" /><testcase classname="tests.unit.test_patient_service.TestCreatePatient" name="test_create_patient_also_creates_medical_card" time="0.522" /><testcase classname="tests.unit.test_patient_service.TestCreatePatient" name="test_create_patient_duplicate_tax_id_raises_409" time="0.516" /><testcase classname="tests.unit.test_patient_service.TestCreatePatient" name="test_create_patient_with_optional_fields" time="0.510" /><testcase classname="tests.unit.test_patient_service.TestGetPatients" name="test_get_patients_returns_all_active" time="0.589" /><testcase classname="tests.unit.test_patient_service.TestGetPatients" name="test_get_patients_search_by_last_name" time="0.592" /><testcase classname="tests.unit.test_patient_service.TestGetPatients" name="test_get_patients_search_by_tax_id" time="0.583" /><testcase classname="tests.unit.test_patient_service.TestGetPatients" name="test_get_patients_pagination" time="0.827" /><testcase classname="tests.unit.test_patient_service.TestGetPatient" name="test_doctor_can_get_any_patient" time="0.518" /><testcase classname="tests.unit.test_patient_service.TestGetPatient" name="test_patient_can_get_own_profile" time="0.882" /><testcase classname="tests.unit.test_patient_service.TestGetPatient" name="test_patient_cannot_get_other_patient" time="0.800" /><testcase classname="tests.unit.test_patient_service.TestGetPatient" name="test_get_nonexistent_patient_raises_404" time="0.428" /><testcase classname="tests.unit.test_patient_service.TestUpdatePatient" name="test_update_patient_fields" time="0.582" /><testcase classname="tests.unit.test_patient_service.TestUpdatePatient" name="test_update_patient_partial_update" time="0.609" /><testcase classname="tests.unit.test_patient_service.TestAllergies" name="test_add_allergy_success" time="0.624" /><testcase classname="tests.unit.test_patient_service.TestAllergies" name="test_add_allergy_persisted_in_db" time="0.640" /><testcase classname="tests.unit.test_patient_service.TestAllergies" name="test_add_multiple_allergies" time="0.674" /><testcase classname="tests.unit.test_patient_service.TestAllergies" name="test_add_allergy_to_nonexistent_patient_raises_404" time="0.147" /><testcase classname="tests.unit.test_patient_service.TestMedicalCard" name="test_get_medical_card_returns_card" time="0.537" /><testcase classname="tests.unit.test_patient_service.TestMedicalCard" name="test_get_medical_card_includes_allergies" time="0.633" /><testcase classname="tests.unit.test_patient_service.TestMedicalCard" name="test_update_medical_card_blood_type" time="0.622" /><testcase classname="tests.unit.test_patient_service.TestMedicalCard" name="test_get_medical_card_for_nonexistent_patient_raises_404" time="0.429" /><testcase classname="tests.unit.test_prescription_service.TestDrugSearch" name="test_search_drugs_returns_all_on_empty_query" time="0.491" /><testcase classname="tests.unit.test_prescription_service.TestDrugSearch" name="test_search_drugs_matches_additional_fields" time="0.479" /><testcase classname="tests.unit.test_prescription_service.TestAllergyWarning" name="test_create_prescription_raises_409_on_allergy_match" time="0.664" /><testcase classname="tests.unit.test_prescription_service.TestAllergyWarning" name="test_create_prescription_succeeds_when_no_allergy_match" time="0.755" /></testsuite></testsuites>